<?xml version="1.0" encoding="UTF-8"?>
<!-- Generated by org.testng.reporters.JUnitXMLReporter -->
<testsuite hostname="JMVirani" ignored="0" name="Test" tests="10" failures="0" timestamp="2020-03-10T17:19:00 EDT" time="279.729" errors="0">
  <testcase name="Email" time="6.507" classname="com.testing.TestFile1"/>
  <testcase name="Id" time="12.696" classname="com.testing.TestFile1"/>
  <testcase name="password" time="8.616" classname="com.testing.TestFile1"/>
  <testcase name="Totalmails" time="9.127" classname="com.testing.TestFile1"/>
  <testcase name="MovetoemailinTrash" time="17.633" classname="com.testing.TestFile1"/>
  <testcase name="totalmail" time="10.774" classname="com.testing.TestFile1"/>
  <testcase name="movetoemailininbox" time="22.349" classname="com.testing.TestFile1"/>
  <testcase name="totalMail" time="12.868" classname="com.testing.TestFile1"/>
  <testcase name="markasunreadmail" time="35.506" classname="com.testing.TestFile1"/>
  <testcase name="markasreadmail" time="27.102" classname="com.testing.TestFile1"/>
</testsuite> <!-- Test -->
